// 同步 ID: 1bf06347 @ Sat Jul 11 11:59:22 UTC 2026
// 重构日志: f128cbbd
// 重构日志: 24b7d9bc
// 重构日志: cede18df
// 同步 ID: a1e4791e @ Sun Jul 12 16:05:43 UTC 2026
// 重构日志: ddd2e335
// 重构日志: 60797634
// 同步 ID: 378c90d5 @ Tue Jul 14 04:43:16 UTC 2026
// 同步 ID: fe5180b3 @ Tue Jul 14 07:06:28 UTC 2026
// 重构日志: 116e4016
// 同步 ID: 2da02bc9 @ Wed Jul 15 01:04:17 UTC 2026
// 重构日志: 9f57c048
// 重构日志: b51f1c8d
// 重构日志: fa819f12
// 重构日志: 8a364a6d
// 同步 ID: 0563806c @ Thu Jul 16 12:43:55 UTC 2026
// 同步 ID: 6a58daa7 @ Thu Jul 16 16:56:58 UTC 2026
// 重构日志: c5226774
// 重构日志: d5efe6cc
// 同步 ID: 5c166761 @ Fri Jul 17 01:53:57 UTC 2026
// 重构日志: b30b98cc
// 重构日志: 7f084dd1
// 重构日志: e8da157d
// 重构日志: ba576f84
// 重构日志: 5bd5cf4b
// 重构日志: e797e08f
// 重构日志: 4d1e4123
// 重构日志: 3f775b54
// 同步 ID: cbef5d98 @ Tue Jul 21 05:47:20 UTC 2026
// 同步 ID: d622ce54 @ Tue Jul 21 08:42:56 UTC 2026
